0 verbose cli C:\Program Files\nodejs\node.exe C:\Program Files\nodejs\node_modules\npm\bin\npm-cli.js
1 info using npm@10.1.0
2 info using node@v20.8.0
3 timing npm:load:whichnode Completed in 4ms
4 timing config:load:defaults Completed in 3ms
5 timing config:load:file:C:\Users\vidma\AppData\Roaming\nvm\v20.8.0\node_modules\npm\npmrc Completed in 4ms
6 timing config:load:builtin Completed in 4ms
7 timing config:load:cli Completed in 4ms
8 timing config:load:env Completed in 1ms
9 timing config:load:file:E:\InnovateHub\innovate-hub\.npmrc Completed in 0ms
10 timing config:load:project Completed in 2ms
11 timing config:load:file:C:\Users\vidma\.npmrc Completed in 0ms
12 timing config:load:user Completed in 1ms
13 timing config:load:file:C:\Program Files\nodejs\etc\npmrc Completed in 2ms
14 timing config:load:global Completed in 2ms
15 timing config:load:setEnvs Completed in 2ms
16 timing config:load Completed in 21ms
17 timing npm:load:configload Completed in 21ms
18 timing config:load:flatten Completed in 3ms
19 timing npm:load:mkdirpcache Completed in 1ms
20 timing npm:load:mkdirplogs Completed in 0ms
21 verbose title npm run start
22 verbose argv "run" "start"
23 timing npm:load:setTitle Completed in 1ms
24 timing npm:load:display Completed in 0ms
25 verbose logfile logs-max:10 dir:e:\InnovateHub\innovate-hub\npm-cache\_logs\2024-10-24T11_23_03_420Z-
26 verbose logfile e:\InnovateHub\innovate-hub\npm-cache\_logs\2024-10-24T11_23_03_420Z-debug-0.log
27 timing npm:load:logFile Completed in 12ms
28 timing npm:load:timers Completed in 0ms
29 timing npm:load:configScope Completed in 0ms
30 timing npm:load Completed in 72ms
31 silly logfile done cleaning log files
32 http fetch GET 200 https://registry.npmjs.org/npm 307ms (cache miss)
33 timing command:run Completed in 22035336ms
34 notice
34 notice New [33mminor[39m version of npm available! [31m10.1.0[39m -> [32m10.9.0[39m
34 notice Changelog: [36mhttps://github.com/npm/cli/releases/tag/v10.9.0[39m
34 notice Run [32mnpm install -g npm@10.9.0[39m to update!
34 notice
35 verbose exit 3221225786
36 timing npm Completed in 22035549ms
37 verbose code 3221225786
